<?xml version="1.0" encoding="UTF-8"?>
<!-- Generated by org.testng.reporters.JUnitReportReporter -->
<testsuite hostname="DESKTOP-17HE4MU" failures="0" tests="1" name="com.haritha.testcase.DeleteActivityLogPageTest" time="17.718" errors="0" timestamp="2024-08-05T20:39:06 IST" skipped="0">
  <testcase classname="com.haritha.testcase.DeleteActivityLogPageTest" name="verifyUserCanDeleteActivityLog" time="17.718"/>
</testsuite> <!-- com.haritha.testcase.DeleteActivityLogPageTest -->
