<?xml version="1.0" encoding="UTF-8"?>
<!-- Generated by org.testng.reporters.JUnitReportReporter -->
<testsuite hostname="DESKTOP-17HE4MU" failures="0" tests="1" name="com.haritha.testcase.AddNewCustomerTest" time="88.808" errors="0" timestamp="2024-06-26T11:34:26 IST" skipped="0">
  <testcase classname="com.haritha.testcase.AddNewCustomerTest" name="verifyUserCanAddNewCustomers" time="88.808"/>
</testsuite> <!-- com.haritha.testcase.AddNewCustomerTest -->
