<?xml version="1.0" encoding="UTF-8"?>
<!-- Generated by org.testng.reporters.JUnitReportReporter -->
<testsuite hostname="DESKTOP-17HE4MU" failures="0" tests="1" name="com.haritha.testcase.DownloadPdfPageTest" time="54.342" errors="0" timestamp="2024-08-05T20:41:37 IST" skipped="0">
  <testcase classname="com.haritha.testcase.DownloadPdfPageTest" name="verifyUserCanDownloadPdfPage" time="54.342"/>
</testsuite> <!-- com.haritha.testcase.DownloadPdfPageTest -->
