<?xml version="1.0" encoding="UTF-8"?>
<!-- Generated by org.testng.reporters.JUnitReportReporter -->
<testsuite hostname="DESKTOP-17HE4MU" failures="0" tests="1" name="com.haritha.testcase.AddNewCategoriesPageTest" time="37.369" errors="0" timestamp="2024-08-05T19:54:02 IST" skipped="0">
  <testcase classname="com.haritha.testcase.AddNewCategoriesPageTest" name="VerifyAbleToAddNewCategoriesPage" time="37.369"/>
</testsuite> <!-- com.haritha.testcase.AddNewCategoriesPageTest -->
