<?xml version="1.0" encoding="UTF-8"?>
<!-- Generated by org.testng.reporters.JUnitReportReporter -->
<testsuite hostname="DESKTOP-17HE4MU" failures="0" tests="1" name="com.haritha.testcase.AddNewDiscountPageTest" time="45.840" errors="0" timestamp="2024-08-05T20:10:44 IST" skipped="0">
  <testcase classname="com.haritha.testcase.AddNewDiscountPageTest" name="verifyUserCanAbleToAddNewDiscountsTest" time="45.840"/>
</testsuite> <!-- com.haritha.testcase.AddNewDiscountPageTest -->
