<?xml version="1.0" encoding="UTF-8"?>
<!-- Generated by org.testng.reporters.JUnitReportReporter -->
<testsuite hostname="DESKTOP-17HE4MU" failures="0" tests="1" name="com.haritha.testcase.AddNewCustomerRolePageTest" time="37.649" errors="0" timestamp="2024-08-05T20:08:31 IST" skipped="0">
  <testcase classname="com.haritha.testcase.AddNewCustomerRolePageTest" name="verifyUserCanAddCustomersRole" time="37.649"/>
</testsuite> <!-- com.haritha.testcase.AddNewCustomerRolePageTest -->
