<?xml version="1.0" encoding="UTF-8"?>
<!-- Generated by org.testng.reporters.JUnitReportReporter -->
<testsuite hostname="DESKTOP-17HE4MU" failures="0" tests="1" name="com.haritha.testcase.AddNewPollsPageTest" time="32.106" errors="0" timestamp="2024-08-05T20:33:09 IST" skipped="0">
  <testcase classname="com.haritha.testcase.AddNewPollsPageTest" name="VerifyAbleToAddNewPollsPage" time="32.106"/>
</testsuite> <!-- com.haritha.testcase.AddNewPollsPageTest -->
