<?xml version="1.0" encoding="UTF-8"?>
<!-- Generated by org.testng.reporters.JUnitReportReporter -->
<testsuite hostname="DESKTOP-17HE4MU" failures="0" tests="1" name="com.haritha.testcase.EditNewAffiliatesTest" time="71.729" errors="0" timestamp="2024-08-05T20:54:12 IST" skipped="0">
  <testcase classname="com.haritha.testcase.EditNewAffiliatesTest" name="verifyUserCanAddNewAffiliates" time="71.729"/>
</testsuite> <!-- com.haritha.testcase.EditNewAffiliatesTest -->
