<?xml version="1.0" encoding="UTF-8"?>
<!-- Generated by org.testng.reporters.JUnitReportReporter -->
<testsuite hostname="DESKTOP-17HE4MU" failures="0" tests="1" name="com.haritha.testcase.AddNewForumPageTest" time="39.107" errors="0" timestamp="2024-08-05T20:20:55 IST" skipped="0">
  <testcase classname="com.haritha.testcase.AddNewForumPageTest" name="VerifyAbleToAddNewForumPage" time="39.107"/>
</testsuite> <!-- com.haritha.testcase.AddNewForumPageTest -->
