<?xml version="1.0" encoding="UTF-8"?>
<!-- Generated by org.testng.reporters.JUnitReportReporter -->
<testsuite hostname="DESKTOP-17HE4MU" failures="0" tests="1" name="com.haritha.testcase.AddNewMessageTemplatePageTest" time="43.004" errors="0" timestamp="2024-08-05T20:28:23 IST" skipped="0">
  <testcase classname="com.haritha.testcase.AddNewMessageTemplatePageTest" name="verifyUserCanAddNewMessageTemplates" time="43.004"/>
</testsuite> <!-- com.haritha.testcase.AddNewMessageTemplatePageTest -->
