<?xml version="1.0" encoding="UTF-8"?>
<!-- Generated by org.testng.reporters.JUnitReportReporter -->
<testsuite hostname="DESKTOP-17HE4MU" failures="0" tests="1" name="com.haritha.testcase.AddNewForumGroupPageTest" time="32.505" errors="0" timestamp="2024-08-05T20:19:00 IST" skipped="0">
  <testcase classname="com.haritha.testcase.AddNewForumGroupPageTest" name="VerifyAbleToAddNewForumPage" time="32.505"/>
</testsuite> <!-- com.haritha.testcase.AddNewForumGroupPageTest -->
